<?xml version="1.0" encoding="utf-8"?><testsuites><testsuite name="pytest" errors="0" failures="0" skipped="0" tests="1" time="0.120" timestamp="2021-09-30T16:28:44.800236" hostname="Laptop-Abhi"><testcase classname="tests.test_api_order" name="test_taking_order" time="0.003" /></testsuite></testsuites>